<?xml version="1.0" encoding="UTF-8"?>
<!-- Generated by org.testng.reporters.JUnitXMLReporter -->
<testsuite ignored="0" hostname="Kunal" failures="1" tests="16" name="Test" time="47.32" errors="0" timestamp="2025-02-19T07:42:35 IST">
  <testcase classname="test.SwagLabLoginTest" name="UserIsAbleToLoginOrNot" time="0.562"/>
  <testcase classname="test.SwagLabLogoutTest" name="UserIsAbleToLogout" time="0.819"/>
  <testcase classname="test.SwagLabHomeTest" name="CheckTheCorrectProductAddedInCartOrNot" time="0.407">
    <failure type="java.lang.AssertionError" message="expected [Sauce Labs Bolt T-Shirt] but found [Sauce Labs Bike Light]">
      <![CDATA[java.lang.AssertionError: expected [Sauce Labs Bolt T-Shirt] but found [Sauce Labs Bike Light]
at test.SwagLabHomeTest.CheckTheCorrectProductAddedInCartOrNot(SwagLabHomeTest.java:129)
at java.base/java.util.ArrayList.forEach(ArrayList.java:1597)
... Removed 31 stack frames]]>
    </failure>
  </testcase> <!-- CheckTheCorrectProductAddedInCartOrNot -->
  <testcase classname="test.SwagLabHomeTest" name="CheckUserIsAbleToSortProductsAtoZ" time="0.241"/>
  <testcase classname="test.SwagLabHomeTest" name="CheckUserIsAbleToSortProductsHightoLow" time="0.442"/>
  <testcase classname="test.SwagLabHomeTest" name="CheckUserIsAbleToSortProductsLowtoHigh" time="0.368"/>
  <testcase classname="test.SwagLabHomeTest" name="CheckUserIsAbleToSortProductsZtoA" time="0.263"/>
  <testcase classname="test.SwagLabHomeTest" name="UserIsAbleToAceesAboutPage" time="3.886"/>
  <testcase classname="test.SwagLabHomeTest" name="UserIsAbleToAddMultipleProduct" time="0.483"/>
  <testcase classname="test.SwagLabHomeTest" name="UserIsAbleToAddProduct" time="0.14"/>
  <testcase classname="test.SwagLabHomeTest" name="UserIsAbleToClickCart" time="0.17"/>
  <testcase classname="test.SwagLabHomeTest" name="UserIsAbleToRemoveFromHome" time="0.217"/>
  <testcase classname="test.SwagLabCartTest" name="UserIsAbleToRemoveFromCart" time="0.438"/>
  <testcase classname="test.SwagLabCheckOutTest" name="checkIfUserIsAbleToPlaceOrder" time="0.886"/>
  <testcase classname="test.SwagLabCheckOutTest" name="checkUserGoToHomePageAfterClickingBackToHome" time="0.946"/>
  <testcase classname="test.SwagLabCheckOutTest" name="verifycostCalculationOnCheckout" time="0.881"/>
</testsuite> <!-- Test -->
